Determining if the pthread_create exist failed with the following output:
Change Dir: /home/vagrant/ros_core/build/CMakeFiles/CMakeTmp

Run Build Command:/usr/bin/make "cmTryCompileExec427249427/fast"
/usr/bin/make -f CMakeFiles/cmTryCompileExec427249427.dir/build.make CMakeFiles/cmTryCompileExec427249427.dir/build
make[1]: Entering directory `/home/vagrant/ros_core/build/CMakeFiles/CMakeTmp'
/usr/bin/cmake -E cmake_progress_report /home/vagrant/ros_core/build/CMakeFiles/CMakeTmp/CMakeFiles 1
Building C object CMakeFiles/cmTryCompileExec427249427.dir/CheckSymbolExists.c.o
/usr/bin/cc    -o CMakeFiles/cmTryCompileExec427249427.dir/CheckSymbolExists.c.o   -c /home/vagrant/ros_core/build/CMakeFiles/CMakeTmp/CheckSymbolExists.c
Linking C executable cmTryCompileExec427249427
/usr/bin/cmake -E cmake_link_script CMakeFiles/cmTryCompileExec427249427.dir/link.txt --verbose=1
/usr/bin/cc       CMakeFiles/cmTryCompileExec427249427.dir/CheckSymbolExists.c.o  -o cmTryCompileExec427249427 -rdynamic 
CMakeFiles/cmTryCompileExec427249427.dir/CheckSymbolExists.c.o: In function `main':
CheckSymbolExists.c:(.text+0x16): undefined reference to `pthread_create'
collect2: error: ld returned 1 exit status
make[1]: *** [cmTryCompileExec427249427] Error 1
make[1]: Leaving directory `/home/vagrant/ros_core/build/CMakeFiles/CMakeTmp'
make: *** [cmTryCompileExec427249427/fast] Error 2

File /home/vagrant/ros_core/build/CMakeFiles/CMakeTmp/CheckSymbolExists.c:
/* */
#include <pthread.h>

int main(int argc, char** argv)
{
  (void)argv;
#ifndef pthread_create
  return ((int*)(&pthread_create))[argc];
#else
  (void)argc;
  return 0;
#endif
}

Determining if the function pthread_create exists in the pthreads failed with the following output:
Change Dir: /home/vagrant/ros_core/build/CMakeFiles/CMakeTmp

Run Build Command:/usr/bin/make "cmTryCompileExec812438632/fast"
/usr/bin/make -f CMakeFiles/cmTryCompileExec812438632.dir/build.make CMakeFiles/cmTryCompileExec812438632.dir/build
make[1]: Entering directory `/home/vagrant/ros_core/build/CMakeFiles/CMakeTmp'
/usr/bin/cmake -E cmake_progress_report /home/vagrant/ros_core/build/CMakeFiles/CMakeTmp/CMakeFiles 1
Building C object CMakeFiles/cmTryCompileExec812438632.dir/CheckFunctionExists.c.o
/usr/bin/cc   -DCHECK_FUNCTION_EXISTS=pthread_create   -o CMakeFiles/cmTryCompileExec812438632.dir/CheckFunctionExists.c.o   -c /usr/share/cmake-2.8/Modules/CheckFunctionExists.c
Linking C executable cmTryCompileExec812438632
/usr/bin/cmake -E cmake_link_script CMakeFiles/cmTryCompileExec812438632.dir/link.txt --verbose=1
/usr/bin/cc   -DCHECK_FUNCTION_EXISTS=pthread_create    CMakeFiles/cmTryCompileExec812438632.dir/CheckFunctionExists.c.o  -o cmTryCompileExec812438632 -rdynamic -lpthreads 
/usr/bin/ld: cannot find -lpthreads
collect2: error: ld returned 1 exit status
make[1]: *** [cmTryCompileExec812438632] Error 1
make[1]: Leaving directory `/home/vagrant/ros_core/build/CMakeFiles/CMakeTmp'
make: *** [cmTryCompileExec812438632/fast] Error 2


